__  ____  __  _____   ___  __ ____  ______ 
 --/ __ \/ / / / _ | / _ \/ //_/ / / / __/ 
 -/ /_/ / /_/ / __ |/ , _/ ,< / /_/ /\ \   
--\___\_\____/_/ |_/_/|_/_/|_|\____/___/   
2026-02-17 02:27:17,071 INFO  [io.sma.rea.mes.kafka] (main) SRMSG18229: Configured topics for channel 'audit-events': [payment-audit-log]
2026-02-17 02:27:17,093 INFO  [io.sma.rea.mes.kafka] (main) SRMSG18214: Key deserializer omitted, using String as default
2026-02-17 02:27:17,506 INFO  [io.sma.rea.mes.kafka] (smallrye-kafka-consumer-thread-0) SRMSG18257: Kafka consumer kafka-consumer-audit-events, connected to Kafka brokers 'localhost:19092', belongs to the 'audit-service-group' consumer group and is configured to poll records from [payment-audit-log]
2026-02-17 02:27:17,623 INFO  [io.quarkus] (main) audit-service 1.0.0-SNAPSHOT on JVM (powered by Quarkus 3.15.1) started in 2.571s. Listening on: http://0.0.0.0:8083
2026-02-17 02:27:17,624 INFO  [io.quarkus] (main) Profile prod activated. 
2026-02-17 02:27:17,624 INFO  [io.quarkus] (main) Installed features: [cdi, kafka-client, messaging, messaging-kafka, micrometer, mongodb-client, mongodb-panache, narayana-jta, opentelemetry, smallrye-context-propagation, smallrye-health, vertx]
2026-02-17 02:30:06,193 INFO  [io.sma.rea.mes.kafka] (vert.x-eventloop-thread-1) SRMSG18256: Initialize record store for topic-partition 'payment-audit-log-0' at position 12.
2026-02-17 02:30:06,288 INFO  [org.mon.dri.client] (executor-thread-1) MongoClient with metadata {"driver": {"name": "mongo-java-driver|sync", "version": "5.1.4"}, "os": {"type": "Linux", "name": "Linux", "architecture": "amd64", "version": "6.8.0-100-generic"}, "platform": "Java/Ubuntu/21.0.10+7-Ubuntu-124.04"} created with settings MongoClientSettings{readPreference=primary, writeConcern=WriteConcern{w=null, wTimeout=null ms, journal=true}, retryWrites=false, retryReads=true, readConcern=ReadConcern{level=null}, credential=null, transportSettings=null, commandListeners=[], codecRegistry=ProvidersCodecRegistry{codecProviders=[ProvidersCodecRegistry{codecProviders=[ValueCodecProvider{}, BsonValueCodecProvider{}, DBRefCodecProvider{}, DBObjectCodecProvider{}, DocumentCodecProvider{}, CollectionCodecProvider{}, IterableCodecProvider{}, MapCodecProvider{}, GeoJsonCodecProvider{}, GridFSFileCodecProvider{}, Jsr310CodecProvider{}, JsonObjectCodecProvider{}, BsonCodecProvider{}, EnumCodecProvider{}, com.mongodb.client.model.mql.ExpressionCodecProvider@5bc1dda9, com.mongodb.Jep395RecordCodecProvider@70dba673, com.mongodb.KotlinCodecProvider@3a20c782]}, ProvidersCodecRegistry{codecProviders=[org.bson.codecs.pojo.PojoCodecProvider@1981a646]}]}, loggerSettings=LoggerSettings{maxDocumentLength=1000}, clusterSettings={hosts=[localhost:27017], srvServiceName=mongodb, mode=SINGLE, requiredClusterType=UNKNOWN, requiredReplicaSetName='null', serverSelector='null', clusterListeners='[]', serverSelectionTimeout='30000 ms', localThreshold='15 ms'}, socketSettings=SocketSettings{connectTimeoutMS=10000, readTimeoutMS=0, receiveBufferSize=0, proxySettings=ProxySettings{host=null, port=null, username=null, password=null}}, heartbeatSocketSettings=SocketSettings{connectTimeoutMS=10000, readTimeoutMS=10000, receiveBufferSize=0, proxySettings=ProxySettings{host=null, port=null, username=null, password=null}}, connectionPoolSettings=ConnectionPoolSettings{maxSize=100, minSize=0, maxWaitTimeMS=120000, maxConnectionLifeTimeMS=0, maxConnectionIdleTimeMS=0, maintenanceInitialDelayMS=0, maintenanceFrequencyMS=60000, connectionPoolListeners=[], maxConnecting=2}, serverSettings=ServerSettings{heartbeatFrequencyMS=10000, minHeartbeatFrequencyMS=500, serverMonitoringMode=AUTO, serverListeners='[]', serverMonitorListeners='[]'}, sslSettings=SslSettings{enabled=false, invalidHostNameAllowed=false, context=null}, applicationName='null', compressorList=[], uuidRepresentation=UNSPECIFIED, serverApi=null, autoEncryptionSettings=null, dnsClient=null, inetAddressResolver=null, contextProvider=null}
2026-02-17 02:30:06,304 INFO  [org.mon.dri.cluster] (cluster-ClusterId{value='699418fe7e7e5340ebba26f7', description='null'}-localhost:27017) Monitor thread successfully connected to server with description ServerDescription{address=localhost:27017, type=STANDALONE, state=CONNECTED, ok=true, minWireVersion=0, maxWireVersion=21, maxDocumentSize=16777216, logicalSessionTimeoutMinutes=30, roundTripTimeNanos=10040775}
[AuditConsumer] Secure audit record persisted to MongoDB: rNVDif4Ng4Yg9xfXLJTc...
[AuditConsumer] Secure audit record persisted to MongoDB: sUw1sDFt7+6Rhlzq6Ntu...
2026-02-17 02:30:07,558 WARNING [io.qua.ope.run.exp.otl.sen.VertxGrpcSender] (vert.x-eventloop-thread-3) Failed to export TraceRequestMarshalers. The request could not be executed. Full error message: Connection refused: localhost/127.0.0.1:4317
2026-02-17 02:30:07,559 WARNING [io.ope.exp.int.grp.GrpcExporter] (vert.x-eventloop-thread-3) Failed to export spans. Server responded with gRPC status code 2. Error message: Failed to export TraceRequestMarshalers. The request could not be executed. Full error message: Connection refused: localhost/127.0.0.1:4317
[AuditConsumer] Secure audit record persisted to MongoDB: zKBnJf0HzgMhmr+5G0Z7...
[AuditConsumer] Secure audit record persisted to MongoDB: Oc4j1/ov4S0/+Q4e2qAX...
2026-02-17 02:30:23,365 WARNING [io.qua.ope.run.exp.otl.sen.VertxGrpcSender] (vert.x-eventloop-thread-3) Failed to export TraceRequestMarshalers. The request could not be executed. Full error message: Connection refused: localhost/127.0.0.1:4317
2026-02-17 02:30:23,366 WARNING [io.ope.exp.int.grp.GrpcExporter] (vert.x-eventloop-thread-3) Failed to export spans. Server responded with gRPC status code 2. Error message: Failed to export TraceRequestMarshalers. The request could not be executed. Full error message: Connection refused: localhost/127.0.0.1:4317
2026-02-17 02:30:29,104 WARNING [io.qua.ope.run.exp.otl.sen.VertxGrpcSender] (vert.x-eventloop-thread-3) Failed to export TraceRequestMarshalers. The request could not be executed. Full error message: Connection refused: localhost/127.0.0.1:4317
2026-02-17 02:30:29,104 WARNING [io.ope.exp.int.grp.GrpcExporter] (vert.x-eventloop-thread-3) Failed to export spans. Server responded with gRPC status code 2. Error message: Failed to export TraceRequestMarshalers. The request could not be executed. Full error message: Connection refused: localhost/127.0.0.1:4317
[AuditConsumer] Secure audit record persisted to MongoDB: YGRneMY9OlvCIMIhiX5j...
[AuditConsumer] Secure audit record persisted to MongoDB: RykqCe6xNRCHe25WX1sx...
2026-02-17 02:32:39,833 WARNING [io.qua.ope.run.exp.otl.sen.VertxGrpcSender] (vert.x-eventloop-thread-3) Failed to export TraceRequestMarshalers. The request could not be executed. Full error message: Connection refused: localhost/127.0.0.1:4317
2026-02-17 02:32:39,833 WARNING [io.ope.exp.int.grp.GrpcExporter] (vert.x-eventloop-thread-3) Failed to export spans. Server responded with gRPC status code 2. Error message: Failed to export TraceRequestMarshalers. The request could not be executed. Full error message: Connection refused: localhost/127.0.0.1:4317
[AuditConsumer] Secure audit record persisted to MongoDB: uAoW5tbS3uFkbIKq0WGk...
[AuditConsumer] Secure audit record persisted to MongoDB: 83Elhj0ci81VapmijPnC...
[AuditConsumer] Secure audit record persisted to MongoDB: 4PerwtWOb9yAxSXa6Xyu...
[AuditConsumer] Secure audit record persisted to MongoDB: 80VABnPusA/GIuHWSY9M...
[AuditConsumer] Secure audit record persisted to MongoDB: fQNu3OYuPKeFj+y1rSYM...
[AuditConsumer] Secure audit record persisted to MongoDB: LiKtf28XiQnEq+Gpuejf...
[AuditConsumer] Secure audit record persisted to MongoDB: nwzlGOP/iy0JBhJJuk/B...
[AuditConsumer] Secure audit record persisted to MongoDB: FB7zvcKUTCvCySPa9hkd...
[AuditConsumer] Secure audit record persisted to MongoDB: MEVeuhy0TFTEwp4X2x8h...
[AuditConsumer] Secure audit record persisted to MongoDB: G4H8rOzpTZ4yahYriatX...
[AuditConsumer] Secure audit record persisted to MongoDB: 5UbBlDvUGovKdELj/WlI...
[AuditConsumer] Secure audit record persisted to MongoDB: 2P0C+Mx4PI5ecyvWPM1j...
[AuditConsumer] Secure audit record persisted to MongoDB: vsv9KXRNvT1LFjYjghik...
[AuditConsumer] Secure audit record persisted to MongoDB: GYkqqITdc7ficx8mXgAY...
[AuditConsumer] Secure audit record persisted to MongoDB: ZcQIb4M6ZIPh3YgaVnKj...
[AuditConsumer] Secure audit record persisted to MongoDB: 2FBsvpOFCRpCZ2qoOft/...
[AuditConsumer] Secure audit record persisted to MongoDB: 3yFMUFq8FMpDaX2l3Pb+...
[AuditConsumer] Secure audit record persisted to MongoDB: MMRDLsthNngvR9I+m+wn...
[AuditConsumer] Secure audit record persisted to MongoDB: 7DsfG/D6VEdFmtqlr0EY...
[AuditConsumer] Secure audit record persisted to MongoDB: gDDrstk8xgPBqmRVbKgt...
[AuditConsumer] Secure audit record persisted to MongoDB: i+pqQBDNRV9DcgI7yaor...
[AuditConsumer] Secure audit record persisted to MongoDB: Z1zKMuzr9HhV8ds/fLtn...
[AuditConsumer] Secure audit record persisted to MongoDB: a3J5g9hR+AHOWuQ+yce+...
[AuditConsumer] Secure audit record persisted to MongoDB: 8ULx6zyuQ4B5Tgswa5wO...
[AuditConsumer] Secure audit record persisted to MongoDB: yo5TGq17C1437AGtTi57...
[AuditConsumer] Secure audit record persisted to MongoDB: FIgbM9qpOPq9oFVd5N81...
[AuditConsumer] Secure audit record persisted to MongoDB: VBwdTgntjZy1mGpyQ1o0...
[AuditConsumer] Secure audit record persisted to MongoDB: 3pbrGzxr6kw0s4m7wLl8...
[AuditConsumer] Secure audit record persisted to MongoDB: jFOrg7/1f/7yXNXdrQjO...
[AuditConsumer] Secure audit record persisted to MongoDB: HNHrNoCEkplfgRdjucn0...
[AuditConsumer] Secure audit record persisted to MongoDB: 0Ix/OTflE9hAqEUQxdc/...
[AuditConsumer] Secure audit record persisted to MongoDB: j/fMDEmXNOXhJECAPDrf...
[AuditConsumer] Secure audit record persisted to MongoDB: H5IwuHqFADJGusTBqHMR...
[AuditConsumer] Secure audit record persisted to MongoDB: A/gZ21kg9kY1hYhiID5j...
[AuditConsumer] Secure audit record persisted to MongoDB: l43VH7Vr4t16MG//lOni...
[AuditConsumer] Secure audit record persisted to MongoDB: BsKNpaejtUzhAd4dS7jU...
[AuditConsumer] Secure audit record persisted to MongoDB: Yi8l/5Aefvj0lZjHyry9...
[AuditConsumer] Secure audit record persisted to MongoDB: fKIZ6HCZS0oukrSpA48d...
[AuditConsumer] Secure audit record persisted to MongoDB: mrOmmhHEi47PfuIF5yJV...
[AuditConsumer] Secure audit record persisted to MongoDB: PA3f7sEAEw+Hfg7rjFT1...
[AuditConsumer] Secure audit record persisted to MongoDB: OYjv26LxLPsNhUhh28vu...
[AuditConsumer] Secure audit record persisted to MongoDB: oWJMo8FTslem4Hy/PH3G...
[AuditConsumer] Secure audit record persisted to MongoDB: OXdDRPKa/vRpZbXOvL/8...
[AuditConsumer] Secure audit record persisted to MongoDB: 1CFHgbNa2/lfcZ7yyny3...
[AuditConsumer] Secure audit record persisted to MongoDB: D7wm7a1OB19Xuyo38azJ...
2026-02-17 02:33:00,481 WARNING [io.qua.ope.run.exp.otl.sen.VertxGrpcSender] (vert.x-eventloop-thread-3) Failed to export TraceRequestMarshalers. The request could not be executed. Full error message: Connection refused: localhost/127.0.0.1:4317
2026-02-17 02:33:00,482 WARNING [io.ope.exp.int.grp.GrpcExporter] (vert.x-eventloop-thread-3) Failed to export spans. Server responded with gRPC status code 2. Error message: Failed to export TraceRequestMarshalers. The request could not be executed. Full error message: Connection refused: localhost/127.0.0.1:4317
[AuditConsumer] Secure audit record persisted to MongoDB: MnSvfxoQcj2hDUNZArNL...
[AuditConsumer] Secure audit record persisted to MongoDB: j9t3FcIOJBiDo4EjyDfK...
2026-02-17 02:41:11,110 WARNING [io.qua.ope.run.exp.otl.sen.VertxGrpcSender] (vert.x-eventloop-thread-3) Failed to export TraceRequestMarshalers. The request could not be executed. Full error message: Connection refused: localhost/127.0.0.1:4317
2026-02-17 02:41:11,110 WARNING [io.ope.exp.int.grp.GrpcExporter] (vert.x-eventloop-thread-3) Failed to export spans. Server responded with gRPC status code 2. Error message: Failed to export TraceRequestMarshalers. The request could not be executed. Full error message: Connection refused: localhost/127.0.0.1:4317
[AuditConsumer] Secure audit record persisted to MongoDB: aOKBOr+hVqCUhtaOd/6S...
[AuditConsumer] Secure audit record persisted to MongoDB: hukp2Tp+BQ7OZAl0J3w6...
[AuditConsumer] Secure audit record persisted to MongoDB: Bb0tssZliqlxZA/9NVei...
[AuditConsumer] Secure audit record persisted to MongoDB: 1wYHztq9a22xJPtqOUXU...
[AuditConsumer] Secure audit record persisted to MongoDB: 1CWUFuw7y/uBCsfRY+wt...
[AuditConsumer] Secure audit record persisted to MongoDB: 2OgIJIgCN3LwSnRYBaOf...
[AuditConsumer] Secure audit record persisted to MongoDB: wLpULeYnEvKgdvX1/48z...
[AuditConsumer] Secure audit record persisted to MongoDB: x4zSZrlr2Dl6GZmJl03k...
[AuditConsumer] Secure audit record persisted to MongoDB: pktP3glXSK3sNx+wvwlw...
[AuditConsumer] Secure audit record persisted to MongoDB: 56LfBPZIfuJQmf+I1hOU...
[AuditConsumer] Secure audit record persisted to MongoDB: H2D8S8Tr5og7CP0RbOb3...
[AuditConsumer] Secure audit record persisted to MongoDB: n0clxHsBY0hLgqVRJWA7...
[AuditConsumer] Secure audit record persisted to MongoDB: wGheB6/8h/inHbDEAaWn...
[AuditConsumer] Secure audit record persisted to MongoDB: PRR41Pe/sPqmkIfA2RhT...
[AuditConsumer] Secure audit record persisted to MongoDB: OOyqniIC12z8wQ9R0955...
[AuditConsumer] Secure audit record persisted to MongoDB: mFgzZJF/XXqI1N1chXKM...
[AuditConsumer] Secure audit record persisted to MongoDB: a7kljNwaKQIjHuuQ2u6y...
[AuditConsumer] Secure audit record persisted to MongoDB: w/A1FXK1Ir8swQfGx68N...
[AuditConsumer] Secure audit record persisted to MongoDB: KlvimyKPiH6GEEkBtCQb...
[AuditConsumer] Secure audit record persisted to MongoDB: DbFBEyTstKg3V3y3lz5T...
[AuditConsumer] Secure audit record persisted to MongoDB: G2jBFHhQcAbhXOIlDU5Y...
[AuditConsumer] Secure audit record persisted to MongoDB: 2TRw9hh65RG3AN3lHWW0...
[AuditConsumer] Secure audit record persisted to MongoDB: zkYvF/mEAkjvUc6K9VA/...
[AuditConsumer] Secure audit record persisted to MongoDB: 65u+2JEVXWS4XkKW4nty...
[AuditConsumer] Secure audit record persisted to MongoDB: Wu9ulS7pFTSP2AEvdbbp...
[AuditConsumer] Secure audit record persisted to MongoDB: a6YBhCmfl/5ckvXOtmQr...
[AuditConsumer] Secure audit record persisted to MongoDB: KbIL2INMci21T69AUrWe...
[AuditConsumer] Secure audit record persisted to MongoDB: ftf6ODJtlmKCEb4x/nOf...
[AuditConsumer] Secure audit record persisted to MongoDB: uwe9dGcWRO7dIS7kZ5kw...
[AuditConsumer] Secure audit record persisted to MongoDB: /GnDWquCw5+K1t2YIyxY...
[AuditConsumer] Secure audit record persisted to MongoDB: wPt++Oib4DM1VhWkK3ah...
[AuditConsumer] Secure audit record persisted to MongoDB: soh3u7opCxVa50piT8C1...
2026-02-17 02:41:16,800 WARNING [io.qua.ope.run.exp.otl.sen.VertxGrpcSender] (vert.x-eventloop-thread-3) Failed to export TraceRequestMarshalers. The request could not be executed. Full error message: Connection refused: localhost/127.0.0.1:4317
2026-02-17 02:41:16,800 WARNING [io.ope.exp.int.grp.GrpcExporter] (vert.x-eventloop-thread-3) Failed to export spans. Server responded with gRPC status code 2. Error message: Failed to export TraceRequestMarshalers. The request could not be executed. Full error message: Connection refused: localhost/127.0.0.1:4317
2026-02-17 02:54:13,448 WARN  [org.apa.kaf.cli.con.int.FetchCollector] (smallrye-kafka-consumer-thread-0) [Consumer clientId=kafka-consumer-audit-events, groupId=audit-service-group] Received unknown topic or partition error in fetch for partition payment-audit-log-0
2026-02-17 02:54:13,503 INFO  [org.mon.dri.cluster] (cluster-ClusterId{value='699418fe7e7e5340ebba26f7', description='null'}-localhost:27017) Exception in monitor thread while connecting to server localhost:27017: com.mongodb.MongoNodeIsRecoveringException: Command failed with error 11600 (InterruptedAtShutdown): 'interrupted at shutdown' on server localhost:27017. The full response is {"ok": 0.0, "errmsg": "interrupted at shutdown", "code": 11600, "codeName": "InterruptedAtShutdown"}
	at com.mongodb.internal.connection.ProtocolHelper.createSpecialException(ProtocolHelper.java:251)
	at com.mongodb.internal.connection.ProtocolHelper.getCommandFailureException(ProtocolHelper.java:201)
	at com.mongodb.internal.connection.InternalStreamConnection.receiveCommandMessageResponse(InternalStreamConnection.java:515)
	at com.mongodb.internal.connection.InternalStreamConnection.receive(InternalStreamConnection.java:465)
	at com.mongodb.internal.connection.DefaultServerMonitor$ServerMonitor.lookupServerDescription(DefaultServerMonitor.java:246)
	at com.mongodb.internal.connection.DefaultServerMonitor$ServerMonitor.run(DefaultServerMonitor.java:173)

2026-02-17 02:54:14,401 WARN  [org.apa.kaf.cli.NetworkClient] (smallrye-kafka-consumer-thread-0) [Consumer clientId=kafka-consumer-audit-events, groupId=audit-service-group] Connection to node 0 (localhost/127.0.0.1:19092) could not be established. Node may not be available.
2026-02-17 02:54:15,235 WARN  [org.apa.kaf.cli.NetworkClient] (smallrye-kafka-consumer-thread-0) [Consumer clientId=kafka-consumer-audit-events, groupId=audit-service-group] Connection to node 0 (localhost/127.0.0.1:19092) could not be established. Node may not be available.
2026-02-17 02:54:16,746 INFO  [io.sma.rea.mes.kafka] (smallrye-kafka-consumer-thread-0) SRMSG18224: Executing consumer revoked re-balance listener for group 'audit-service-group'
2026-02-17 02:54:16,774 INFO  [io.quarkus] (Shutdown thread) audit-service stopped in 3.175s
